HandleError:HandleError: Not Found; ::Response Status Code:404 :: Message:Not Found
HandleError:HandleError: Not Found; ::Response Status Code:404 :: Message:Not Found
HandleError:HandleError: Not Found; ::Response Status Code:404 :: Message:Not Found
HandleError:HandleError: Not Found; ::Response Status Code:404 :: Message:Not Found
HandleError:HandleError: Not Found; ::Response Status Code:404 :: Message:Not Found
HandleError:HandleError: Not Found; ::Response Status Code:404 :: Message:Not Found
HandleError:HandleError: Not Found; ::Response Status Code:404 :: Message:Not Found
HandleError:HandleError: Not Found; ::Response Status Code:404 :: Message:Not Found
HandleError:HandleError: Not Found; ::Response Status Code:404 :: Message:Not Found
HandleError:HandleError: Not Found; ::Response Status Code:404 :: Message:Not Found
HandleError:HandleError: Not Found; ::Response Status Code:404 :: Message:Not Found
HandleError:HandleError: Not Found; ::Response Status Code:404 :: Message:Not Found
HandleError:HandleError: Not Found; ::Response Status Code:404 :: Message:Not Found
HandleError:HandleError: Not Found; ::Response Status Code:404 :: Message:Not Found
UnhandledError:ConnectionNotFoundError: Connection "default" was not found.; :: Process Exit with code: 1 :: Message:Connection "default" was not found. :: Date:Wed Jun 16 2021 18:11:08 GMT+0300 (Москва, стандартное время)
UnhandledError:ConnectionNotFoundError: Connection "default" was not found.; :: Process Exit with code: 1 :: Message:Connection "default" was not found. :: Date:Wed Jun 16 2021 18:11:13 GMT+0300 (Москва, стандартное время)
UnhandledError:ConnectionNotFoundError: Connection "default" was not found.; :: Process Exit with code: 1 :: Message:Connection "default" was not found. :: Date:Wed Jun 16 2021 18:11:18 GMT+0300 (Москва, стандартное время)
UnhandledError:ConnectionNotFoundError: Connection "default" was not found.; :: Process Exit with code: 1 :: Message:Connection "default" was not found. :: Date:Wed Jun 16 2021 18:11:23 GMT+0300 (Москва, стандартное время)
UnhandledError:ConnectionNotFoundError: Connection "default" was not found.; :: Process Exit with code: 1 :: Message:Connection "default" was not found. :: Date:Wed Jun 16 2021 18:11:28 GMT+0300 (Москва, стандартное время)
UnhandledError:ConnectionNotFoundError: Connection "default" was not found.; :: Process Exit with code: 1 :: Message:Connection "default" was not found. :: Date:Wed Jun 16 2021 18:13:13 GMT+0300 (Москва, стандартное время)
UnhandledError:ConnectionNotFoundError: Connection "default" was not found.; :: Process Exit with code: 1 :: Message:Connection "default" was not found. :: Date:Wed Jun 16 2021 18:13:18 GMT+0300 (Москва, стандартное время)
UnhandledError:ConnectionNotFoundError: Connection "default" was not found.; :: Process Exit with code: 1 :: Message:Connection "default" was not found. :: Date:Wed Jun 16 2021 18:13:23 GMT+0300 (Москва, стандартное время)
UnhandledError:ConnectionNotFoundError: Connection "default" was not found.; :: Process Exit with code: 1 :: Message:Connection "default" was not found. :: Date:Wed Jun 16 2021 18:13:28 GMT+0300 (Москва, стандартное время)
UnhandledError:ConnectionNotFoundError: Connection "default" was not found.; :: Process Exit with code: 1 :: Message:Connection "default" was not found. :: Date:Wed Jun 16 2021 18:13:33 GMT+0300 (Москва, стандартное время)
UnhandledError:TypeError: createUser is not a function; :: Process Exit with code: 1 :: Message:createUser is not a function :: Date:Fri Jun 18 2021 17:09:26 GMT+0300 (Москва, стандартное время)
UnhandledError:TypeError: createUser is not a function; :: Process Exit with code: 1 :: Message:createUser is not a function :: Date:Fri Jun 18 2021 17:20:42 GMT+0300 (Москва, стандартное время)
HandleError:HandleError: Unauthorized; ::Response Status Code:401 :: Message:Unauthorized
HandleError:HandleError: Unauthorized; ::Response Status Code:401 :: Message:Unauthorized
HandleError:HandleError: Unauthorized; ::Response Status Code:401 :: Message:Unauthorized
HandleError:HandleError: Unauthorized; ::Response Status Code:401 :: Message:Unauthorized
HandleError:HandleError: Unauthorized; ::Response Status Code:401 :: Message:Unauthorized
UnhandledError:EntityColumnNotFound: No entity column "password" was found.; :: Process Exit with code: 1 :: Message:No entity column "password" was found. :: Date:Sat Jun 19 2021 01:34:08 GMT+0300 (Москва, стандартное время)
UnhandledError:TypeError: Cannot read property 'createValueMap' of undefined; :: Process Exit with code: 1 :: Message:Cannot read property 'createValueMap' of undefined :: Date:Sat Jun 19 2021 01:44:20 GMT+0300 (Москва, стандартное время)
UnhandledError:TypeError: Cannot read property 'createValueMap' of undefined; :: Process Exit with code: 1 :: Message:Cannot read property 'createValueMap' of undefined :: Date:Sat Jun 19 2021 02:01:03 GMT+0300 (Москва, стандартное время)
UnhandledError:TypeError: Cannot read property 'createValueMap' of undefined; :: Process Exit with code: 1 :: Message:Cannot read property 'createValueMap' of undefined :: Date:Sat Jun 19 2021 02:17:40 GMT+0300 (Москва, стандартное время)
UnhandledError:EntityMetadataNotFound: No metadata for "undefined" was found.; :: Process Exit with code: 1 :: Message:No metadata for "undefined" was found. :: Date:Sat Jun 19 2021 02:53:19 GMT+0300 (Москва, стандартное время)
UnhandledError:EntityMetadataNotFound: No metadata for "undefined" was found.; :: Process Exit with code: 1 :: Message:No metadata for "undefined" was found. :: Date:Sat Jun 19 2021 03:01:24 GMT+0300 (Москва, стандартное время)
UnhandledError:TypeError: Cannot read property 'createValueMap' of undefined; :: Process Exit with code: 1 :: Message:Cannot read property 'createValueMap' of undefined :: Date:Sat Jun 19 2021 03:02:04 GMT+0300 (Москва, стандартное время)
UnhandledError:EntityColumnNotFound: No entity column "password" was found.; :: Process Exit with code: 1 :: Message:No entity column "password" was found. :: Date:Sat Jun 19 2021 03:24:04 GMT+0300 (Москва, стандартное время)
UnhandledError:TypeError: Cannot read property 'createValueMap' of undefined; :: Process Exit with code: 1 :: Message:Cannot read property 'createValueMap' of undefined :: Date:Sat Jun 19 2021 03:29:44 GMT+0300 (Москва, стандартное время)
UnhandledError:QueryFailedError: column UserView.id does not exist; :: Process Exit with code: 1 :: Message:column UserView.id does not exist :: Date:Sat Jun 19 2021 03:38:42 GMT+0300 (Москва, стандартное время)
UnhandledError:QueryFailedError: column UserView.id does not exist; :: Process Exit with code: 1 :: Message:column UserView.id does not exist :: Date:Sat Jun 19 2021 03:40:14 GMT+0300 (Москва, стандартное время)
UnhandledError:TypeError: Cannot read property 'createValueMap' of undefined; :: Process Exit with code: 1 :: Message:Cannot read property 'createValueMap' of undefined :: Date:Sat Jun 19 2021 03:49:27 GMT+0300 (Москва, стандартное время)
UnhandledError:TypeError: Cannot read property 'createValueMap' of undefined; :: Process Exit with code: 1 :: Message:Cannot read property 'createValueMap' of undefined :: Date:Sat Jun 19 2021 03:54:25 GMT+0300 (Москва, стандартное время)
UnhandledError:EntityMetadataNotFound: No metadata for "d511ea45-8019-432e-aabd-b45eb398d100" was found.; :: Process Exit with code: 1 :: Message:No metadata for "d511ea45-8019-432e-aabd-b45eb398d100" was found. :: Date:Sat Jun 19 2021 03:59:21 GMT+0300 (Москва, стандартное время)
