HandleError:HandleError: Not Found; ::Response Status Code:404 :: Message:Not Found
HandleError:HandleError: Not Found; ::Response Status Code:404 :: Message:Not Found
UnhandledError:EntityNotFound: Could not find any entity of type "Task" matching: {
    "id": "e4906b33-cc10-46a6-9f7f-a2da713a6640",
    "boardId": "cd918efa-8575-4639-8da9-3db37a0ae8f3"
}; :: Process Exit with code: 1 :: Message:Could not find any entity of type "Task" matching: {
    "id": "e4906b33-cc10-46a6-9f7f-a2da713a6640",
    "boardId": "cd918efa-8575-4639-8da9-3db37a0ae8f3"
} :: Date:Tue Jun 22 2021 12:52:24 GMT+0300 (Москва, стандартное время)
UnhandledError:EntityNotFound: Could not find any entity of type "Task" matching: {
    "id": "d9ae694e-4b6e-43ce-9f34-179aab4a4751",
    "boardId": "eb591715-ecca-46eb-8fa6-23d771251db8"
}; :: Process Exit with code: 1 :: Message:Could not find any entity of type "Task" matching: {
    "id": "d9ae694e-4b6e-43ce-9f34-179aab4a4751",
    "boardId": "eb591715-ecca-46eb-8fa6-23d771251db8"
} :: Date:Tue Jun 22 2021 12:54:01 GMT+0300 (Москва, стандартное время)
UnhandledError:EntityNotFound: Could not find any entity of type "Task" matching: {
    "id": "eb3ae4d2-e21b-42eb-a8a4-cf55d3543c9b",
    "boardId": "3bfecf57-d0e0-452b-9aa4-6f48e9824da2"
}; :: Process Exit with code: 1 :: Message:Could not find any entity of type "Task" matching: {
    "id": "eb3ae4d2-e21b-42eb-a8a4-cf55d3543c9b",
    "boardId": "3bfecf57-d0e0-452b-9aa4-6f48e9824da2"
} :: Date:Tue Jun 22 2021 13:02:30 GMT+0300 (Москва, стандартное время)
UnhandledError:EntityNotFound: Could not find any entity of type "Task" matching: {
    "id": "862cb0ba-f33f-4429-baee-25022f2e8808",
    "boardId": "cff0319d-6a5d-4e75-ac80-8ac59b50c57d"
}; :: Process Exit with code: 1 :: Message:Could not find any entity of type "Task" matching: {
    "id": "862cb0ba-f33f-4429-baee-25022f2e8808",
    "boardId": "cff0319d-6a5d-4e75-ac80-8ac59b50c57d"
} :: Date:Tue Jun 22 2021 13:06:57 GMT+0300 (Москва, стандартное время)
HandleError:HandleError: Not Found; ::Response Status Code:404 :: Message:Not Found
HandleError:HandleError: Not Found; ::Response Status Code:404 :: Message:Not Found
HandleError:HandleError: Not Found; ::Response Status Code:404 :: Message:Not Found
HandleError:HandleError: Not Found; ::Response Status Code:404 :: Message:Not Found
UnhandledError:MustBeEntityError: Cannot remove, given value must be an entity, instead "69053c78-1c9e-40d9-81e6-af7e0b754c26" is given.; :: Process Exit with code: 1 :: Message:Cannot remove, given value must be an entity, instead "69053c78-1c9e-40d9-81e6-af7e0b754c26" is given. :: Date:Tue Jun 22 2021 14:40:48 GMT+0300 (Москва, стандартное время)
HandleError:HandleError: Not Found; ::Response Status Code:404 :: Message:Not Found
UnhandledError:TypeError [ERR_UNKNOWN_ENCODING]: Unknown encoding: 9ce62222-82f6-49ea-aff4-2771205d5100; :: Process Exit with code: 1 :: Message:Unknown encoding: 9ce62222-82f6-49ea-aff4-2771205d5100 :: Date:Tue Jun 22 2021 15:32:21 GMT+0300 (Москва, стандартное время)
HandleError:HandleError: Not Found; ::Response Status Code:404 :: Message:Not Found
UnhandledError:TypeError [ERR_UNKNOWN_ENCODING]: Unknown encoding: 7e60bf80-d01b-4361-a379-55d5013aa8cd; :: Process Exit with code: 1 :: Message:Unknown encoding: 7e60bf80-d01b-4361-a379-55d5013aa8cd :: Date:Tue Jun 22 2021 15:36:04 GMT+0300 (Москва, стандартное время)
UnhandledError:TypeError [ERR_UNKNOWN_ENCODING]: Unknown encoding: 8b7ff36f-901d-4788-897f-65611c52e687; :: Process Exit with code: 1 :: Message:Unknown encoding: 8b7ff36f-901d-4788-897f-65611c52e687 :: Date:Tue Jun 22 2021 15:37:41 GMT+0300 (Москва, стандартное время)
UnhandledError:TypeError: Cannot read property 'createValueMap' of undefined; :: Process Exit with code: 1 :: Message:Cannot read property 'createValueMap' of undefined :: Date:Tue Jun 22 2021 15:45:37 GMT+0300 (Москва, стандартное время)
UnhandledError:TypeError [ERR_UNKNOWN_ENCODING]: Unknown encoding: 600306e8-a9b0-4383-996c-c4646d8363dd; :: Process Exit with code: 1 :: Message:Unknown encoding: 600306e8-a9b0-4383-996c-c4646d8363dd :: Date:Tue Jun 22 2021 15:45:42 GMT+0300 (Москва, стандартное время)
UnhandledError:TypeError: Cannot read property 'createValueMap' of undefined; :: Process Exit with code: 1 :: Message:Cannot read property 'createValueMap' of undefined :: Date:Tue Jun 22 2021 15:45:47 GMT+0300 (Москва, стандартное время)
UnhandledError:TypeError: Cannot read property 'updateStatus' of undefined; :: Process Exit with code: 1 :: Message:Cannot read property 'updateStatus' of undefined :: Date:Tue Jun 22 2021 16:24:25 GMT+0300 (Москва, стандартное время)
UnhandledError:TypeError: Cannot read property 'updateStatus' of undefined; :: Process Exit with code: 1 :: Message:Cannot read property 'updateStatus' of undefined :: Date:Tue Jun 22 2021 16:24:30 GMT+0300 (Москва, стандартное время)
UnhandledError:TypeError: Cannot read property 'updateStatus' of undefined; :: Process Exit with code: 1 :: Message:Cannot read property 'updateStatus' of undefined :: Date:Tue Jun 22 2021 16:24:35 GMT+0300 (Москва, стандартное время)
UnhandledError:TypeError: Cannot read property 'updateStatus' of undefined; :: Process Exit with code: 1 :: Message:Cannot read property 'updateStatus' of undefined :: Date:Tue Jun 22 2021 16:24:40 GMT+0300 (Москва, стандартное время)
UnhandledError:TypeError: Cannot read property 'updateStatus' of undefined; :: Process Exit with code: 1 :: Message:Cannot read property 'updateStatus' of undefined :: Date:Tue Jun 22 2021 16:24:45 GMT+0300 (Москва, стандартное время)
UnhandledError:TypeError: Cannot read property 'updateStatus' of undefined; :: Process Exit with code: 1 :: Message:Cannot read property 'updateStatus' of undefined :: Date:Tue Jun 22 2021 16:41:51 GMT+0300 (Москва, стандартное время)
UnhandledError:TypeError: Cannot read property 'updateStatus' of undefined; :: Process Exit with code: 1 :: Message:Cannot read property 'updateStatus' of undefined :: Date:Tue Jun 22 2021 16:41:56 GMT+0300 (Москва, стандартное время)
UnhandledError:TypeError: Cannot read property 'updateStatus' of undefined; :: Process Exit with code: 1 :: Message:Cannot read property 'updateStatus' of undefined :: Date:Tue Jun 22 2021 16:42:01 GMT+0300 (Москва, стандартное время)
UnhandledError:TypeError: Cannot read property 'updateStatus' of undefined; :: Process Exit with code: 1 :: Message:Cannot read property 'updateStatus' of undefined :: Date:Tue Jun 22 2021 16:42:06 GMT+0300 (Москва, стандартное время)
UnhandledError:TypeError: Cannot read property 'updateStatus' of undefined; :: Process Exit with code: 1 :: Message:Cannot read property 'updateStatus' of undefined :: Date:Tue Jun 22 2021 16:42:11 GMT+0300 (Москва, стандартное время)
UnhandledError:QueryFailedError: TypeError: Converting circular structure to JSON
    --> starting at object with constructor 'EntityMetadata'
    |     property 'ownColumns' -> object with constructor 'Array'
    |     index 0 -> object with constructor 'ColumnMetadata'
    --- property 'entityMetadata' closes the circle; :: Process Exit with code: 1 :: Message:TypeError: Converting circular structure to JSON
    --> starting at object with constructor 'EntityMetadata'
    |     property 'ownColumns' -> object with constructor 'Array'
    |     index 0 -> object with constructor 'ColumnMetadata'
    --- property 'entityMetadata' closes the circle :: Date:Tue Jun 22 2021 16:43:04 GMT+0300 (Москва, стандартное время)
UnhandledError:Error: read ECONNRESET; :: Process Exit with code: 1 :: Message:read ECONNRESET :: Date:Tue Jun 22 2021 16:43:14 GMT+0300 (Москва, стандартное время)
UnhandledError:QueryFailedError: TypeError: Converting circular structure to JSON
    --> starting at object with constructor 'EntityMetadata'
    |     property 'ownColumns' -> object with constructor 'Array'
    |     index 0 -> object with constructor 'ColumnMetadata'
    --- property 'entityMetadata' closes the circle; :: Process Exit with code: 1 :: Message:TypeError: Converting circular structure to JSON
    --> starting at object with constructor 'EntityMetadata'
    |     property 'ownColumns' -> object with constructor 'Array'
    |     index 0 -> object with constructor 'ColumnMetadata'
    --- property 'entityMetadata' closes the circle :: Date:Tue Jun 22 2021 16:43:19 GMT+0300 (Москва, стандартное время)
HandleError:HandleError: Not Found; ::Response Status Code:404 :: Message:Not Found
HandleError:HandleError: Not Found; ::Response Status Code:404 :: Message:Not Found
HandleError:HandleError: Not Found; ::Response Status Code:404 :: Message:Not Found
UnhandledError:QueryFailedError: invalid input syntax for type uuid: "undefined"; :: Process Exit with code: 1 :: Message:invalid input syntax for type uuid: "undefined" :: Date:Tue Jun 22 2021 19:48:31 GMT+0300 (Москва, стандартное время)
HandleError:HandleError: Not Found; ::Response Status Code:404 :: Message:Not Found
HandleError:HandleError: Not Found; ::Response Status Code:404 :: Message:Not Found
HandleError:HandleError: Not Found; ::Response Status Code:404 :: Message:Not Found
HandleError:HandleError: Not Found; ::Response Status Code:404 :: Message:Not Found
HandleError:HandleError: Not Found; ::Response Status Code:404 :: Message:Not Found
HandleError:HandleError: Not Found; ::Response Status Code:404 :: Message:Not Found
HandleError:HandleError: Not Found; ::Response Status Code:404 :: Message:Not Found
HandleError:HandleError: Not Found; ::Response Status Code:404 :: Message:Not Found
HandleError:HandleError: Not Found; ::Response Status Code:404 :: Message:Not Found
HandleError:HandleError: Not Found; ::Response Status Code:404 :: Message:Not Found
HandleError:HandleError: Not Found; ::Response Status Code:404 :: Message:Not Found
HandleError:HandleError: Not Found; ::Response Status Code:404 :: Message:Not Found
HandleError:HandleError: Not Found; ::Response Status Code:404 :: Message:Not Found
HandleError:HandleError: Not Found; ::Response Status Code:404 :: Message:Not Found
HandleError:HandleError: Not Found; ::Response Status Code:404 :: Message:Not Found
HandleError:HandleError: Not Found; ::Response Status Code:404 :: Message:Not Found
HandleError:HandleError: Not Found; ::Response Status Code:404 :: Message:Not Found
HandleError:HandleError: Not Found; ::Response Status Code:404 :: Message:Not Found
HandleError:HandleError: Not Found; ::Response Status Code:404 :: Message:Not Found
HandleError:HandleError: Not Found; ::Response Status Code:404 :: Message:Not Found
HandleError:HandleError: Not Found; ::Response Status Code:404 :: Message:Not Found
HandleError:HandleError: Not Found; ::Response Status Code:404 :: Message:Not Found
HandleError:HandleError: Not Found; ::Response Status Code:404 :: Message:Not Found
HandleError:HandleError: Not Found; ::Response Status Code:404 :: Message:Not Found
HandleError:HandleError: Not Found; ::Response Status Code:404 :: Message:Not Found
HandleError:HandleError: Not Found; ::Response Status Code:404 :: Message:Not Found
HandleError:HandleError: Not Found; ::Response Status Code:404 :: Message:Not Found
HandleError:HandleError: Not Found; ::Response Status Code:404 :: Message:Not Found
HandleError:HandleError: Not Found; ::Response Status Code:404 :: Message:Not Found
HandleError:HandleError: Not Found; ::Response Status Code:404 :: Message:Not Found
HandleError:HandleError: Not Found; ::Response Status Code:404 :: Message:Not Found
HandleError:HandleError: Not Found; ::Response Status Code:404 :: Message:Not Found
HandleError:HandleError: Not Found; ::Response Status Code:404 :: Message:Not Found
HandleError:HandleError: Not Found; ::Response Status Code:404 :: Message:Not Found
HandleError:HandleError: Not Found; ::Response Status Code:404 :: Message:Not Found
HandleError:HandleError: Not Found; ::Response Status Code:404 :: Message:Not Found
HandleError:HandleError: Not Found; ::Response Status Code:404 :: Message:Not Found
HandleError:HandleError: Not Found; ::Response Status Code:404 :: Message:Not Found
HandleError:HandleError: Not Found; ::Response Status Code:404 :: Message:Not Found
HandleError:HandleError: Not Found; ::Response Status Code:404 :: Message:Not Found
HandleError:HandleError: Not Found; ::Response Status Code:404 :: Message:Not Found
HandleError:HandleError: Not Found; ::Response Status Code:404 :: Message:Not Found
HandleError:HandleError: Not Found; ::Response Status Code:404 :: Message:Not Found
HandleError:HandleError: Not Found; ::Response Status Code:404 :: Message:Not Found
HandleError:HandleError: Not Found; ::Response Status Code:404 :: Message:Not Found
HandleError:HandleError: Not Found; ::Response Status Code:404 :: Message:Not Found
HandleError:HandleError: Not Found; ::Response Status Code:404 :: Message:Not Found
HandleError:HandleError: Not Found; ::Response Status Code:404 :: Message:Not Found
HandleError:HandleError: Not Found; ::Response Status Code:404 :: Message:Not Found
HandleError:HandleError: Not Found; ::Response Status Code:404 :: Message:Not Found
HandleError:HandleError: Not Found; ::Response Status Code:404 :: Message:Not Found
HandleError:HandleError: Not Found; ::Response Status Code:404 :: Message:Not Found
HandleError:HandleError: Not Found; ::Response Status Code:404 :: Message:Not Found
HandleError:HandleError: Not Found; ::Response Status Code:404 :: Message:Not Found
HandleError:HandleError: Not Found; ::Response Status Code:404 :: Message:Not Found
HandleError:HandleError: Not Found; ::Response Status Code:404 :: Message:Not Found
HandleError:HandleError: Not Found; ::Response Status Code:404 :: Message:Not Found
HandleError:HandleError: Not Found; ::Response Status Code:404 :: Message:Not Found
HandleError:HandleError: Not Found; ::Response Status Code:404 :: Message:Not Found
HandleError:HandleError: Not Found; ::Response Status Code:404 :: Message:Not Found
HandleError:HandleError: Not Found; ::Response Status Code:404 :: Message:Not Found
HandleError:HandleError: Not Found; ::Response Status Code:404 :: Message:Not Found
HandleError:HandleError: Not Found; ::Response Status Code:404 :: Message:Not Found
HandleError:HandleError: Not Found; ::Response Status Code:404 :: Message:Not Found
HandleError:HandleError: Not Found; ::Response Status Code:404 :: Message:Not Found
HandleError:HandleError: Not Found; ::Response Status Code:404 :: Message:Not Found
HandleError:HandleError: Not Found; ::Response Status Code:404 :: Message:Not Found
HandleError:HandleError: Not Found; ::Response Status Code:404 :: Message:Not Found
HandleError:HandleError: Not Found; ::Response Status Code:404 :: Message:Not Found
HandleError:HandleError: Not Found; ::Response Status Code:404 :: Message:Not Found
HandleError:HandleError: Not Found; ::Response Status Code:404 :: Message:Not Found
HandleError:HandleError: Not Found; ::Response Status Code:404 :: Message:Not Found
HandleError:HandleError: Not Found; ::Response Status Code:404 :: Message:Not Found
HandleError:HandleError: Not Found; ::Response Status Code:404 :: Message:Not Found
HandleError:HandleError: Not Found; ::Response Status Code:404 :: Message:Not Found
HandleError:HandleError: Not Found; ::Response Status Code:404 :: Message:Not Found
HandleError:HandleError: Not Found; ::Response Status Code:404 :: Message:Not Found
UnhandledError:QueryFailedError: relation "UserView" does not exist; :: Process Exit with code: 1 :: Message:relation "UserView" does not exist :: Date:Wed Jun 23 2021 12:50:56 GMT+0000 (Coordinated Universal Time)
UnhandledError:QueryFailedError: relation "users" does not exist; :: Process Exit with code: 1 :: Message:relation "users" does not exist :: Date:Wed Jun 23 2021 12:51:01 GMT+0000 (Coordinated Universal Time)
UnhandledError:QueryFailedError: relation "users" does not exist; :: Process Exit with code: 1 :: Message:relation "users" does not exist :: Date:Wed Jun 23 2021 12:51:05 GMT+0000 (Coordinated Universal Time)
UnhandledError:QueryFailedError: relation "users" does not exist; :: Process Exit with code: 1 :: Message:relation "users" does not exist :: Date:Wed Jun 23 2021 12:51:11 GMT+0000 (Coordinated Universal Time)
UnhandledError:QueryFailedError: relation "users" does not exist; :: Process Exit with code: 1 :: Message:relation "users" does not exist :: Date:Wed Jun 23 2021 12:51:16 GMT+0000 (Coordinated Universal Time)
UnhandledError:QueryFailedError: relation "users" does not exist; :: Process Exit with code: 1 :: Message:relation "users" does not exist :: Date:Wed Jun 23 2021 12:51:21 GMT+0000 (Coordinated Universal Time)
UnhandledError:QueryFailedError: relation "board" does not exist; :: Process Exit with code: 1 :: Message:relation "board" does not exist :: Date:Wed Jun 23 2021 12:51:28 GMT+0000 (Coordinated Universal Time)
UnhandledError:QueryFailedError: relation "board" does not exist; :: Process Exit with code: 1 :: Message:relation "board" does not exist :: Date:Wed Jun 23 2021 12:51:33 GMT+0000 (Coordinated Universal Time)
UnhandledError:QueryFailedError: relation "board" does not exist; :: Process Exit with code: 1 :: Message:relation "board" does not exist :: Date:Wed Jun 23 2021 12:51:38 GMT+0000 (Coordinated Universal Time)
UnhandledError:QueryFailedError: relation "users" does not exist; :: Process Exit with code: 1 :: Message:relation "users" does not exist :: Date:Wed Jun 23 2021 12:53:32 GMT+0000 (Coordinated Universal Time)
HandleError:HandleError: Not Found; ::Response Status Code:404 :: Message:Not Found
HandleError:HandleError: Not Found; ::Response Status Code:404 :: Message:Not Found
HandleError:HandleError: Not Found; ::Response Status Code:404 :: Message:Not Found
HandleError:HandleError: Not Found; ::Response Status Code:404 :: Message:Not Found
HandleError:HandleError: Not Found; ::Response Status Code:404 :: Message:Not Found
HandleError:HandleError: Not Found; ::Response Status Code:404 :: Message:Not Found
HandleError:HandleError: Not Found; ::Response Status Code:404 :: Message:Not Found
HandleError:HandleError: Not Found; ::Response Status Code:404 :: Message:Not Found
HandleError:HandleError: Not Found; ::Response Status Code:404 :: Message:Not Found
HandleError:HandleError: Not Found; ::Response Status Code:404 :: Message:Not Found
HandleError:HandleError: Not Found; ::Response Status Code:404 :: Message:Not Found
HandleError:HandleError: Not Found; ::Response Status Code:404 :: Message:Not Found
HandleError:HandleError: Not Found; ::Response Status Code:404 :: Message:Not Found
HandleError:HandleError: Not Found; ::Response Status Code:404 :: Message:Not Found
HandleError:HandleError: Not Found; ::Response Status Code:404 :: Message:Not Found
HandleError:HandleError: Not Found; ::Response Status Code:404 :: Message:Not Found
HandleError:HandleError: Not Found; ::Response Status Code:404 :: Message:Not Found
HandleError:HandleError: Not Found; ::Response Status Code:404 :: Message:Not Found
HandleError:HandleError: Not Found; ::Response Status Code:404 :: Message:Not Found
HandleError:HandleError: Not Found; ::Response Status Code:404 :: Message:Not Found
HandleError:HandleError: Not Found; ::Response Status Code:404 :: Message:Not Found
HandleError:HandleError: Not Found; ::Response Status Code:404 :: Message:Not Found
HandleError:HandleError: Not Found; ::Response Status Code:404 :: Message:Not Found
HandleError:HandleError: Not Found; ::Response Status Code:404 :: Message:Not Found
HandleError:HandleError: Not Found; ::Response Status Code:404 :: Message:Not Found
HandleError:HandleError: Not Found; ::Response Status Code:404 :: Message:Not Found
HandleError:HandleError: Not Found; ::Response Status Code:404 :: Message:Not Found
HandleError:HandleError: Not Found; ::Response Status Code:404 :: Message:Not Found
HandleError:HandleError: Unauthorized; ::Response Status Code:401 :: Message:Unauthorized
HandleError:HandleError: Unauthorized; ::Response Status Code:401 :: Message:Unauthorized
HandleError:HandleError: Unauthorized; ::Response Status Code:401 :: Message:Unauthorized
HandleError:HandleError: Unauthorized; ::Response Status Code:401 :: Message:Unauthorized
HandleError:HandleError: Unauthorized; ::Response Status Code:401 :: Message:Unauthorized
HandleError:HandleError: Not Found; ::Response Status Code:404 :: Message:Not Found
HandleError:HandleError: Not Found; ::Response Status Code:404 :: Message:Not Found
HandleError:HandleError: Not Found; ::Response Status Code:404 :: Message:Not Found
HandleError:HandleError: Not Found; ::Response Status Code:404 :: Message:Not Found
HandleError:HandleError: Not Found; ::Response Status Code:404 :: Message:Not Found
HandleError:HandleError: Not Found; ::Response Status Code:404 :: Message:Not Found
HandleError:HandleError: Not Found; ::Response Status Code:404 :: Message:Not Found
HandleError:HandleError: Not Found; ::Response Status Code:404 :: Message:Not Found
HandleError:HandleError: Unauthorized; ::Response Status Code:401 :: Message:Unauthorized
HandleError:HandleError: Unauthorized; ::Response Status Code:401 :: Message:Unauthorized
HandleError:HandleError: Unauthorized; ::Response Status Code:401 :: Message:Unauthorized
HandleError:HandleError: Unauthorized; ::Response Status Code:401 :: Message:Unauthorized
HandleError:HandleError: Unauthorized; ::Response Status Code:401 :: Message:Unauthorized
HandleError:HandleError: Unauthorized; ::Response Status Code:401 :: Message:Unauthorized
HandleError:HandleError: Unauthorized; ::Response Status Code:401 :: Message:Unauthorized
HandleError:HandleError: Unauthorized; ::Response Status Code:401 :: Message:Unauthorized
HandleError:HandleError: Unauthorized; ::Response Status Code:401 :: Message:Unauthorized
HandleError:HandleError: Unauthorized; ::Response Status Code:401 :: Message:Unauthorized
HandleError:HandleError: Unauthorized; ::Response Status Code:401 :: Message:Unauthorized
HandleError:HandleError: Unauthorized; ::Response Status Code:401 :: Message:Unauthorized
HandleError:HandleError: Unauthorized; ::Response Status Code:401 :: Message:Unauthorized
HandleError:HandleError: Unauthorized; ::Response Status Code:401 :: Message:Unauthorized
HandleError:HandleError: Unauthorized; ::Response Status Code:401 :: Message:Unauthorized
HandleError:HandleError: Not Found; ::Response Status Code:404 :: Message:Not Found
HandleError:HandleError: Not Found; ::Response Status Code:404 :: Message:Not Found
HandleError:HandleError: Not Found; ::Response Status Code:404 :: Message:Not Found
HandleError:HandleError: Unauthorized; ::Response Status Code:401 :: Message:Unauthorized
HandleError:HandleError: Unauthorized; ::Response Status Code:401 :: Message:Unauthorized
HandleError:HandleError: Unauthorized; ::Response Status Code:401 :: Message:Unauthorized
HandleError:HandleError: Unauthorized; ::Response Status Code:401 :: Message:Unauthorized
HandleError:HandleError: Unauthorized; ::Response Status Code:401 :: Message:Unauthorized
HandleError:HandleError: Not Found; ::Response Status Code:404 :: Message:Not Found
HandleError:HandleError: Not Found; ::Response Status Code:404 :: Message:Not Found
HandleError:HandleError: Not Found; ::Response Status Code:404 :: Message:Not Found
HandleError:HandleError: Not Found; ::Response Status Code:404 :: Message:Not Found
HandleError:HandleError: Not Found; ::Response Status Code:404 :: Message:Not Found
HandleError:HandleError: Unauthorized; ::Response Status Code:401 :: Message:Unauthorized
HandleError:HandleError: Unauthorized; ::Response Status Code:401 :: Message:Unauthorized
HandleError:HandleError: Unauthorized; ::Response Status Code:401 :: Message:Unauthorized
HandleError:HandleError: Unauthorized; ::Response Status Code:401 :: Message:Unauthorized
HandleError:HandleError: Unauthorized; ::Response Status Code:401 :: Message:Unauthorized
HandleError:HandleError: Not Found; ::Response Status Code:404 :: Message:Not Found
HandleError:HandleError: Not Found; ::Response Status Code:404 :: Message:Not Found
HandleError:HandleError: Not Found; ::Response Status Code:404 :: Message:Not Found
HandleError:HandleError: Not Found; ::Response Status Code:404 :: Message:Not Found
HandleError:HandleError: Not Found; ::Response Status Code:404 :: Message:Not Found
HandleError:HandleError: Not Found; ::Response Status Code:404 :: Message:Not Found
HandleError:HandleError: Not Found; ::Response Status Code:404 :: Message:Not Found
HandleError:HandleError: Not Found; ::Response Status Code:404 :: Message:Not Found
HandleError:HandleError: Unauthorized; ::Response Status Code:401 :: Message:Unauthorized
HandleError:HandleError: Unauthorized; ::Response Status Code:401 :: Message:Unauthorized
HandleError:HandleError: Unauthorized; ::Response Status Code:401 :: Message:Unauthorized
HandleError:HandleError: Unauthorized; ::Response Status Code:401 :: Message:Unauthorized
HandleError:HandleError: Unauthorized; ::Response Status Code:401 :: Message:Unauthorized
HandleError:HandleError: Unauthorized; ::Response Status Code:401 :: Message:Unauthorized
HandleError:HandleError: Unauthorized; ::Response Status Code:401 :: Message:Unauthorized
HandleError:HandleError: Unauthorized; ::Response Status Code:401 :: Message:Unauthorized
HandleError:HandleError: Unauthorized; ::Response Status Code:401 :: Message:Unauthorized
HandleError:HandleError: Unauthorized; ::Response Status Code:401 :: Message:Unauthorized
HandleError:HandleError: Unauthorized; ::Response Status Code:401 :: Message:Unauthorized
HandleError:HandleError: Unauthorized; ::Response Status Code:401 :: Message:Unauthorized
HandleError:HandleError: Unauthorized; ::Response Status Code:401 :: Message:Unauthorized
HandleError:HandleError: Unauthorized; ::Response Status Code:401 :: Message:Unauthorized
HandleError:HandleError: Unauthorized; ::Response Status Code:401 :: Message:Unauthorized
HandleError:HandleError: Unauthorized; ::Response Status Code:401 :: Message:Unauthorized
HandleError:HandleError: Not Found; ::Response Status Code:404 :: Message:Not Found
HandleError:HandleError: Not Found; ::Response Status Code:404 :: Message:Not Found
HandleError:HandleError: Not Found; ::Response Status Code:404 :: Message:Not Found
HandleError:HandleError: Not Found; ::Response Status Code:404 :: Message:Not Found
HandleError:HandleError: Not Found; ::Response Status Code:404 :: Message:Not Found
HandleError:HandleError: Not Found; ::Response Status Code:404 :: Message:Not Found
HandleError:HandleError: Not Found; ::Response Status Code:404 :: Message:Not Found
HandleError:HandleError: Unauthorized; ::Response Status Code:401 :: Message:Unauthorized
HandleError:HandleError: Unauthorized; ::Response Status Code:401 :: Message:Unauthorized
HandleError:HandleError: Unauthorized; ::Response Status Code:401 :: Message:Unauthorized
HandleError:HandleError: Unauthorized; ::Response Status Code:401 :: Message:Unauthorized
HandleError:HandleError: Unauthorized; ::Response Status Code:401 :: Message:Unauthorized
HandleError:HandleError: Unauthorized; ::Response Status Code:401 :: Message:Unauthorized
HandleError:HandleError: Unauthorized; ::Response Status Code:401 :: Message:Unauthorized
HandleError:HandleError: Unauthorized; ::Response Status Code:401 :: Message:Unauthorized
HandleError:HandleError: Unauthorized; ::Response Status Code:401 :: Message:Unauthorized
HandleError:HandleError: Unauthorized; ::Response Status Code:401 :: Message:Unauthorized
HandleError:HandleError: Unauthorized; ::Response Status Code:401 :: Message:Unauthorized
HandleError:HandleError: Unauthorized; ::Response Status Code:401 :: Message:Unauthorized
HandleError:HandleError: Unauthorized; ::Response Status Code:401 :: Message:Unauthorized
HandleError:HandleError: Unauthorized; ::Response Status Code:401 :: Message:Unauthorized
HandleError:HandleError: Unauthorized; ::Response Status Code:401 :: Message:Unauthorized
HandleError:HandleError: Not Found; ::Response Status Code:404 :: Message:Not Found
HandleError:HandleError: Not Found; ::Response Status Code:404 :: Message:Not Found
HandleError:HandleError: Unauthorized; ::Response Status Code:401 :: Message:Unauthorized
HandleError:HandleError: Unauthorized; ::Response Status Code:401 :: Message:Unauthorized
HandleError:HandleError: Unauthorized; ::Response Status Code:401 :: Message:Unauthorized
HandleError:HandleError: Unauthorized; ::Response Status Code:401 :: Message:Unauthorized
HandleError:HandleError: Unauthorized; ::Response Status Code:401 :: Message:Unauthorized
HandleError:HandleError: Not Found; ::Response Status Code:404 :: Message:Not Found
HandleError:HandleError: Not Found; ::Response Status Code:404 :: Message:Not Found
HandleError:HandleError: Not Found; ::Response Status Code:404 :: Message:Not Found
HandleError:HandleError: Not Found; ::Response Status Code:404 :: Message:Not Found
HandleError:HandleError: Not Found; ::Response Status Code:404 :: Message:Not Found
HandleError:HandleError: Unauthorized; ::Response Status Code:401 :: Message:Unauthorized
HandleError:HandleError: Unauthorized; ::Response Status Code:401 :: Message:Unauthorized
HandleError:HandleError: Unauthorized; ::Response Status Code:401 :: Message:Unauthorized
HandleError:HandleError: Unauthorized; ::Response Status Code:401 :: Message:Unauthorized
HandleError:HandleError: Unauthorized; ::Response Status Code:401 :: Message:Unauthorized
HandleError:HandleError: Unauthorized; ::Response Status Code:401 :: Message:Unauthorized
HandleError:HandleError: Unauthorized; ::Response Status Code:401 :: Message:Unauthorized
HandleError:HandleError: Unauthorized; ::Response Status Code:401 :: Message:Unauthorized
HandleError:HandleError: Unauthorized; ::Response Status Code:401 :: Message:Unauthorized
HandleError:HandleError: Unauthorized; ::Response Status Code:401 :: Message:Unauthorized
HandleError:HandleError: Not Found; ::Response Status Code:404 :: Message:Not Found
HandleError:HandleError: Not Found; ::Response Status Code:404 :: Message:Not Found
HandleError:HandleError: Unauthorized; ::Response Status Code:401 :: Message:Unauthorized
HandleError:HandleError: Unauthorized; ::Response Status Code:401 :: Message:Unauthorized
HandleError:HandleError: Not Found; ::Response Status Code:404 :: Message:Not Found
HandleError:HandleError: Not Found; ::Response Status Code:404 :: Message:Not Found
HandleError:HandleError: Not Found; ::Response Status Code:404 :: Message:Not Found
HandleError:HandleError: Not Found; ::Response Status Code:404 :: Message:Not Found
HandleError:HandleError: Unauthorized; ::Response Status Code:401 :: Message:Unauthorized
HandleError:HandleError: Not Found; ::Response Status Code:404 :: Message:Not Found
HandleError:HandleError: Unauthorized; ::Response Status Code:401 :: Message:Unauthorized
HandleError:HandleError: Unauthorized; ::Response Status Code:401 :: Message:Unauthorized
HandleError:HandleError: Unauthorized; ::Response Status Code:401 :: Message:Unauthorized
HandleError:HandleError: Unauthorized; ::Response Status Code:401 :: Message:Unauthorized
HandleError:HandleError: Unauthorized; ::Response Status Code:401 :: Message:Unauthorized
HandleError:HandleError: Unauthorized; ::Response Status Code:401 :: Message:Unauthorized
HandleError:HandleError: Unauthorized; ::Response Status Code:401 :: Message:Unauthorized
HandleError:HandleError: Unauthorized; ::Response Status Code:401 :: Message:Unauthorized
HandleError:HandleError: Unauthorized; ::Response Status Code:401 :: Message:Unauthorized
HandleError:HandleError: Unauthorized; ::Response Status Code:401 :: Message:Unauthorized
HandleError:HandleError: Unauthorized; ::Response Status Code:401 :: Message:Unauthorized
HandleError:HandleError: Unauthorized; ::Response Status Code:401 :: Message:Unauthorized
